# JRE version: Java(TM) SE Runtime Environment (8.0_31-b13) (build 1.8.0_31-b13)
# Java VM: Java HotSpot(TM) 64-Bit Server VM (25.31-b07 mixed mode windows-amd64 compressed oops)
Heap:
 PSYoungGen      total 74752K, used 43919K [0x00000000eb000000, 0x00000000f1000000, 0x0000000100000000)
  eden space 55296K, 73% used [0x00000000eb000000,0x00000000ed7d3a68,0x00000000ee600000)
  from space 19456K, 16% used [0x00000000ef900000,0x00000000efc10480,0x00000000f0c00000)
  to   space 19456K, 0% used [0x00000000ee600000,0x00000000ee600000,0x00000000ef900000)
 ParOldGen       total 65024K, used 32513K [0x00000000c1000000, 0x00000000c4f80000, 0x00000000eb000000)
  object space 65024K, 50% used [0x00000000c1000000,0x00000000c2fc07c8,0x00000000c4f80000)
 Metaspace       used 9115K, capacity 9194K, committed 9472K, reserved 1058816K
  class space    used 893K, capacity 923K, committed 1024K, reserved 1048576K
GC Heap History (10 events):
Event: 9.621 GC heap before
{Heap before GC invocations=3 (full 0):
 PSYoungGen      total 18944K, used 18938K [0x00000000eb000000, 0x00000000ed500000, 0x0000000100000000)
  eden space 16384K, 100% used [0x00000000eb000000,0x00000000ec000000,0x00000000ec000000)
  from space 2560K, 99% used [0x00000000ec280000,0x00000000ec4fe950,0x00000000ec500000)
  to   space 2560K, 0% used [0x00000000ec000000,0x00000000ec000000,0x00000000ec280000)
 ParOldGen       total 44032K, used 20707K [0x00000000c1000000, 0x00000000c3b00000, 0x00000000eb000000)
  object space 44032K, 47% used [0x00000000c1000000,0x00000000c2438dd8,0x00000000c3b00000)
 Metaspace       used 7174K, capacity 7298K, committed 7552K, reserved 1056768K
  class space    used 752K, capacity 823K, committed 896K, reserved 1048576K
Event: 9.630 GC heap after
Heap after GC invocations=3 (full 0):
 PSYoungGen      total 18944K, used 2554K [0x00000000eb000000, 0x00000000ed500000, 0x0000000100000000)
  eden space 16384K, 0% used [0x00000000eb000000,0x00000000eb000000,0x00000000ec000000)
  from space 2560K, 99% used [0x00000000ec000000,0x00000000ec27e940,0x00000000ec280000)
  to   space 2560K, 0% used [0x00000000ed280000,0x00000000ed280000,0x00000000ed500000)
 ParOldGen       total 44032K, used 27955K [0x00000000c1000000, 0x00000000c3b00000, 0x00000000eb000000)
  object space 44032K, 63% used [0x00000000c1000000,0x00000000c2b4cd30,0x00000000c3b00000)
 Metaspace       used 7174K, capacity 7298K, committed 7552K, reserved 1056768K
  class space    used 752K, capacity 823K, committed 896K, reserved 1048576K
}
Event: 9.630 GC heap before
{Heap before GC invocations=4 (full 1):
 PSYoungGen      total 18944K, used 2554K [0x00000000eb000000, 0x00000000ed500000, 0x0000000100000000)
  eden space 16384K, 0% used [0x00000000eb000000,0x00000000eb000000,0x00000000ec000000)
  from space 2560K, 99% used [0x00000000ec000000,0x00000000ec27e940,0x00000000ec280000)
  to   space 2560K, 0% used [0x00000000ed280000,0x00000000ed280000,0x00000000ed500000)
 ParOldGen       total 44032K, used 27955K [0x00000000c1000000, 0x00000000c3b00000, 0x00000000eb000000)
  object space 44032K, 63% used [0x00000000c1000000,0x00000000c2b4cd30,0x00000000c3b00000)
 Metaspace       used 7174K, capacity 7298K, committed 7552K, reserved 1056768K
  class space    used 752K, capacity 823K, committed 896K, reserved 1048576K
Event: 9.732 GC heap after
Heap after GC invocations=4 (full 1):
 PSYoungGen      total 18944K, used 0K [0x00000000eb000000, 0x00000000ed500000, 0x0000000100000000)
  eden space 16384K, 0% used [0x00000000eb000000,0x00000000eb000000,0x00000000ec000000)
  from space 2560K, 0% used [0x00000000ec000000,0x00000000ec000000,0x00000000ec280000)
  to   space 2560K, 0% used [0x00000000ed280000,0x00000000ed280000,0x00000000ed500000)
 ParOldGen       total 65024K, used 29116K [0x00000000c1000000, 0x00000000c4f80000, 0x00000000eb000000)
  object space 65024K, 44% used [0x00000000c1000000,0x00000000c2c6f190,0x00000000c4f80000)
 Metaspace       used 7173K, capacity 7296K, committed 7552K, reserved 1056768K
  class space    used 751K, capacity 822K, committed 896K, reserved 1048576K
}
Event: 10.097 GC heap before
{Heap before GC invocations=5 (full 1):
 PSYoungGen      total 18944K, used 16384K [0x00000000eb000000, 0x00000000ed500000, 0x0000000100000000)
  eden space 16384K, 100% used [0x00000000eb000000,0x00000000ec000000,0x00000000ec000000)
  from space 2560K, 0% used [0x00000000ec000000,0x00000000ec000000,0x00000000ec280000)
  to   space 2560K, 0% used [0x00000000ed280000,0x00000000ed280000,0x00000000ed500000)
 ParOldGen       total 65024K, used 29116K [0x00000000c1000000, 0x00000000c4f80000, 0x00000000eb000000)
  object space 65024K, 44% used [0x00000000c1000000,0x00000000c2c6f190,0x00000000c4f80000)
 Metaspace       used 8005K, capacity 8096K, committed 8320K, reserved 1056768K
  class space    used 819K, capacity 854K, committed 896K, reserved 1048576K
Event: 10.103 GC heap after
Heap after GC invocations=5 (full 1):
 PSYoungGen      total 32768K, used 2545K [0x00000000eb000000, 0x00000000ed500000, 0x0000000100000000)
  eden space 30208K, 0% used [0x00000000eb000000,0x00000000eb000000,0x00000000ecd80000)
  from space 2560K, 99% used [0x00000000ed280000,0x00000000ed4fc6c8,0x00000000ed500000)
  to   space 2560K, 0% used [0x00000000ed000000,0x00000000ed000000,0x00000000ed280000)
 ParOldGen       total 65024K, used 30600K [0x00000000c1000000, 0x00000000c4f80000, 0x00000000eb000000)
  object space 65024K, 47% used [0x00000000c1000000,0x00000000c2de21f8,0x00000000c4f80000)
 Metaspace       used 8005K, capacity 8096K, committed 8320K, reserved 1056768K
  class space    used 819K, capacity 854K, committed 896K, reserved 1048576K
}
Event: 10.429 GC heap before
{Heap before GC invocations=6 (full 1):
 PSYoungGen      total 32768K, used 32753K [0x00000000eb000000, 0x00000000ed500000, 0x0000000100000000)
  eden space 30208K, 100% used [0x00000000eb000000,0x00000000ecd80000,0x00000000ecd80000)
  from space 2560K, 99% used [0x00000000ed280000,0x00000000ed4fc6c8,0x00000000ed500000)
  to   space 2560K, 0% used [0x00000000ed000000,0x00000000ed000000,0x00000000ed280000)
 ParOldGen       total 65024K, used 30600K [0x00000000c1000000, 0x00000000c4f80000, 0x00000000eb000000)
  object space 65024K, 47% used [0x00000000c1000000,0x00000000c2de21f8,0x00000000c4f80000)
 Metaspace       used 8464K, capacity 8576K, committed 8832K, reserved 1056768K
  class space    used 848K, capacity 886K, committed 896K, reserved 1048576K
Event: 10.437 GC heap after
Heap after GC invocations=6 (full 1):
 PSYoungGen      total 35328K, used 2543K [0x00000000eb000000, 0x00000000f0c00000, 0x0000000100000000)
  eden space 32768K, 0% used [0x00000000eb000000,0x00000000eb000000,0x00000000ed000000)
  from space 2560K, 99% used [0x00000000ed000000,0x00000000ed27bdc8,0x00000000ed280000)
  to   space 19456K, 0% used [0x00000000ef900000,0x00000000ef900000,0x00000000f0c00000)
 ParOldGen       total 65024K, used 32505K [0x00000000c1000000, 0x00000000c4f80000, 0x00000000eb000000)
  object space 65024K, 49% used [0x00000000c1000000,0x00000000c2fbe7c8,0x00000000c4f80000)
 Metaspace       used 8464K, capacity 8576K, committed 8832K, reserved 1056768K
  class space    used 848K, capacity 886K, committed 896K, reserved 1048576K
}
Event: 10.650 GC heap before
{Heap before GC invocations=7 (full 1):
 PSYoungGen      total 35328K, used 35311K [0x00000000eb000000, 0x00000000f0c00000, 0x0000000100000000)
  eden space 32768K, 100% used [0x00000000eb000000,0x00000000ed000000,0x00000000ed000000)
  from space 2560K, 99% used [0x00000000ed000000,0x00000000ed27bdc8,0x00000000ed280000)
  to   space 19456K, 0% used [0x00000000ef900000,0x00000000ef900000,0x00000000f0c00000)
 ParOldGen       total 65024K, used 32505K [0x00000000c1000000, 0x00000000c4f80000, 0x00000000eb000000)
  object space 65024K, 49% used [0x00000000c1000000,0x00000000c2fbe7c8,0x00000000c4f80000)
 Metaspace       used 8472K, capacity 8576K, committed 8832K, reserved 1056768K
  class space    used 848K, capacity 886K, committed 896K, reserved 1048576K
Event: 10.656 GC heap after
Heap after GC invocations=7 (full 1):
 PSYoungGen      total 74752K, used 3137K [0x00000000eb000000, 0x00000000f1000000, 0x0000000100000000)
  eden space 55296K, 0% used [0x00000000eb000000,0x00000000eb000000,0x00000000ee600000)
  from space 19456K, 16% used [0x00000000ef900000,0x00000000efc10480,0x00000000f0c00000)
  to   space 19456K, 0% used [0x00000000ee600000,0x00000000ee600000,0x00000000ef900000)
 ParOldGen       total 65024K, used 32513K [0x00000000c1000000, 0x00000000c4f80000, 0x00000000eb000000)
  object space 65024K, 50% used [0x00000000c1000000,0x00000000c2fc07c8,0x00000000c4f80000)
 Metaspace       used 8472K, capacity 8576K, committed 8832K, reserved 1056768K
  class space    used 848K, capacity 886K, committed 896K, reserved 1048576K
}

